<?xml version="1.0" encoding="UTF-8"?>
<testsuite xmlns:xsi="http://www.w3.org/2001/XMLSchema-instance" xsi:noNamespaceSchemaLocation="https://maven.apache.org/surefire/maven-surefire-plugin/xsd/surefire-test-report-3.0.xsd" version="3.0" name="EntityClass.CustomerTest" time="0.314" tests="5" errors="0" skipped="0" failures="0">
  <properties>
[...]
</properties>
  <testcase name="testGetAllCustomers" classname="EntityClass.CustomerTest" time="0.236"/>
  <testcase name="testGetCustomerByRfc" classname="EntityClass.CustomerTest" time="0.017"/>
  <testcase name="testUpdateCustomer" classname="EntityClass.CustomerTest" time="0.018"/>
  <testcase name="testCreateCustomer" classname="EntityClass.CustomerTest" time="0.013"/>
  <testcase name="testDeleteCustomer" classname="EntityClass.CustomerTest" time="0.017"/>
</testsuite>